2023-07-12 09:00:47.724 DEBUG 21468 --- [http-nio-8081-exec-9] e.a.n.controller.RestauranteController   : ATENDIDO POR EL PUERTO 8081
2023-07-12 09:00:50.437 DEBUG 21468 --- [http-nio-8081-exec-10] e.a.n.controller.RestauranteController   : ATENDIDO POR EL PUERTO 8081
2023-07-12 09:00:58.218 DEBUG 21468 --- [http-nio-8081-exec-1] e.a.n.controller.RestauranteController   : ATENDIDO POR EL PUERTO 8081
2023-07-12 09:01:41.437 DEBUG 21468 --- [http-nio-8081-exec-2] e.a.n.controller.RestauranteController   : ATENDIDO POR EL PUERTO 8081
2023-07-12 09:06:07.235 DEBUG 21468 --- [http-nio-8081-exec-4] e.a.n.controller.RestauranteController   : ATENDIDO POR EL PUERTO 8081
2023-07-12 09:07:22.665 DEBUG 21468 --- [http-nio-8081-exec-6] e.a.n.controller.RestauranteController   : ATENDIDO POR EL PUERTO 8081
2023-07-12 09:08:05.981 DEBUG 21468 --- [http-nio-8081-exec-7] e.a.n.controller.RestauranteController   : ATENDIDO POR EL PUERTO 8081
2023-07-12 09:11:23.898 DEBUG 21468 --- [http-nio-8081-exec-9] e.a.n.controller.RestauranteController   : ATENDIDO POR EL PUERTO 8081
2023-07-12 09:21:18.811 DEBUG 21468 --- [http-nio-8081-exec-1] e.a.n.controller.RestauranteController   : ATENDIDO POR EL PUERTO 8081
2023-07-12 09:21:28.535 DEBUG 21468 --- [http-nio-8081-exec-2] e.a.n.controller.RestauranteController   : ATENDIDO POR EL PUERTO 8081
2023-07-12 09:43:21.023 DEBUG 21468 --- [http-nio-8081-exec-4] e.a.n.controller.RestauranteController   : ATENDIDO POR EL PUERTO 8081
2023-07-12 09:44:13.152 DEBUG 21468 --- [http-nio-8081-exec-5] e.a.n.controller.RestauranteController   : ATENDIDO POR EL PUERTO 8081
2023-07-12 09:44:23.425 DEBUG 21468 --- [http-nio-8081-exec-6] e.a.n.controller.RestauranteController   : ATENDIDO POR EL PUERTO 8081
2023-07-12 09:44:36.186 DEBUG 21468 --- [http-nio-8081-exec-7] e.a.n.controller.RestauranteController   : ATENDIDO POR EL PUERTO 8081
2023-07-12 09:45:15.318 DEBUG 21468 --- [http-nio-8081-exec-8] e.a.n.controller.RestauranteController   : ATENDIDO POR EL PUERTO 8081
2023-07-12 09:46:31.065 DEBUG 21468 --- [http-nio-8081-exec-10] e.a.n.controller.RestauranteController   : ATENDIDO POR EL PUERTO 8081
2023-07-12 09:46:38.852 DEBUG 21468 --- [http-nio-8081-exec-1] e.a.n.controller.RestauranteController   : ATENDIDO POR EL PUERTO 8081
2023-07-12 09:46:52.288 DEBUG 21468 --- [http-nio-8081-exec-2] e.a.n.controller.RestauranteController   : ATENDIDO POR EL PUERTO 8081
2023-07-12 09:47:16.680 DEBUG 21468 --- [http-nio-8081-exec-3] e.a.n.controller.RestauranteController   : ATENDIDO POR EL PUERTO 8081
2023-07-12 09:47:30.663 DEBUG 21468 --- [http-nio-8081-exec-4] e.a.n.controller.RestauranteController   : ATENDIDO POR EL PUERTO 8081
2023-07-12 09:48:02.457 DEBUG 21468 --- [http-nio-8081-exec-5] e.a.n.controller.RestauranteController   : ATENDIDO POR EL PUERTO 8081
2023-07-12 10:12:08.407 DEBUG 21468 --- [http-nio-8081-exec-8] e.a.n.controller.RestauranteController   : ATENDIDO POR EL PUERTO 8081
2023-07-12 10:12:31.694 DEBUG 21468 --- [http-nio-8081-exec-9] e.a.n.controller.RestauranteController   : ATENDIDO POR EL PUERTO 8081
2023-07-12 10:21:11.771 DEBUG 21468 --- [http-nio-8081-exec-1] e.a.n.controller.RestauranteController   : ATENDIDO POR EL PUERTO 8081
2023-07-12 10:24:09.809 DEBUG 21468 --- [http-nio-8081-exec-3] e.a.n.controller.RestauranteController   : ATENDIDO POR EL PUERTO 8081
2023-07-12 10:33:12.650 DEBUG 21468 --- [http-nio-8081-exec-5] e.a.n.controller.RestauranteController   : ATENDIDO POR EL PUERTO 8081
2023-07-12 12:48:08.886  INFO 21468 --- [File Watcher] rtingClassPathChangeChangedEventListener : Restarting due to 1 class path change (0 additions, 0 deletions, 1 modification)
2023-07-12 12:48:08.964  INFO 21468 --- [Thread-11] o.apache.catalina.core.StandardService   : Stopping service [Tomcat]
2023-07-12 12:48:08.971  INFO 21468 --- [Thread-11] o.a.c.c.C.[Tomcat].[localhost].[/]       : Destroying Spring FrameworkServlet 'dispatcherServlet'
2023-07-12 12:48:09.026  WARN 21468 --- [Thread-11] o.a.c.loader.WebappClassLoaderBase       : The web application [ROOT] appears to have started a thread named [logback-3] but has failed to stop it. This is very likely to create a memory leak. Stack trace of thread:
 java.base@17.0.7/jdk.internal.misc.Unsafe.park(Native Method)
 java.base@17.0.7/java.util.concurrent.locks.LockSupport.park(LockSupport.java:341)
 java.base@17.0.7/java.util.concurrent.locks.AbstractQueuedSynchronizer$ConditionNode.block(AbstractQueuedSynchronizer.java:506)
 java.base@17.0.7/java.util.concurrent.ForkJoinPool.unmanagedBlock(ForkJoinPool.java:3463)
 java.base@17.0.7/java.util.concurrent.ForkJoinPool.managedBlock(ForkJoinPool.java:3434)
 java.base@17.0.7/java.util.concurrent.locks.AbstractQueuedSynchronizer$ConditionObject.await(AbstractQueuedSynchronizer.java:1623)
 java.base@17.0.7/java.util.concurrent.ScheduledThreadPoolExecutor$DelayedWorkQueue.take(ScheduledThreadPoolExecutor.java:1170)
 java.base@17.0.7/java.util.concurrent.ScheduledThreadPoolExecutor$DelayedWorkQueue.take(ScheduledThreadPoolExecutor.java:899)
 java.base@17.0.7/java.util.concurrent.ThreadPoolExecutor.getTask(ThreadPoolExecutor.java:1062)
 java.base@17.0.7/java.util.concurrent.ThreadPoolExecutor.runWorker(ThreadPoolExecutor.java:1122)
 java.base@17.0.7/java.util.concurrent.ThreadPoolExecutor$Worker.run(ThreadPoolExecutor.java:635)
 java.base@17.0.7/java.lang.Thread.run(Thread.java:833)
2023-07-12 12:48:09.029  WARN 21468 --- [Thread-11] o.a.c.loader.WebappClassLoaderBase       : The web application [ROOT] appears to have started a thread named [logback-4] but has failed to stop it. This is very likely to create a memory leak. Stack trace of thread:
 java.base@17.0.7/jdk.internal.misc.Unsafe.park(Native Method)
 java.base@17.0.7/java.util.concurrent.locks.LockSupport.park(LockSupport.java:341)
 java.base@17.0.7/java.util.concurrent.locks.AbstractQueuedSynchronizer$ConditionNode.block(AbstractQueuedSynchronizer.java:506)
 java.base@17.0.7/java.util.concurrent.ForkJoinPool.unmanagedBlock(ForkJoinPool.java:3463)
 java.base@17.0.7/java.util.concurrent.ForkJoinPool.managedBlock(ForkJoinPool.java:3434)
 java.base@17.0.7/java.util.concurrent.locks.AbstractQueuedSynchronizer$ConditionObject.await(AbstractQueuedSynchronizer.java:1623)
 java.base@17.0.7/java.util.concurrent.ScheduledThreadPoolExecutor$DelayedWorkQueue.take(ScheduledThreadPoolExecutor.java:1170)
 java.base@17.0.7/java.util.concurrent.ScheduledThreadPoolExecutor$DelayedWorkQueue.take(ScheduledThreadPoolExecutor.java:899)
 java.base@17.0.7/java.util.concurrent.ThreadPoolExecutor.getTask(ThreadPoolExecutor.java:1062)
 java.base@17.0.7/java.util.concurrent.ThreadPoolExecutor.runWorker(ThreadPoolExecutor.java:1122)
 java.base@17.0.7/java.util.concurrent.ThreadPoolExecutor$Worker.run(ThreadPoolExecutor.java:635)
 java.base@17.0.7/java.lang.Thread.run(Thread.java:833)
2023-07-12 12:48:09.162  INFO 21468 --- [Thread-11] j.LocalContainerEntityManagerFactoryBean : Closing JPA EntityManagerFactory for persistence unit 'default'
2023-07-12 12:48:09.173  INFO 21468 --- [Thread-11] com.zaxxer.hikari.HikariDataSource       : HikariPool-3 - Shutdown initiated...
2023-07-12 12:48:09.272  INFO 21468 --- [Thread-11] com.zaxxer.hikari.HikariDataSource       : HikariPool-3 - Shutdown completed.
2023-07-12 12:48:10.291  INFO 21468 --- [restartedMain] e.a.nube.RestaurantesmalagaApplication   : Starting RestaurantesmalagaApplication using Java 17.0.7 on DESKTOP-NPAVUJP with PID 21468 (/home/aecc/git/restaurantemalaga_spring/restaurantesmalaga/target/classes started by aecc in /home/aecc/git/restaurantemalaga_spring/restaurantesmalaga)
2023-07-12 12:48:10.292 DEBUG 21468 --- [restartedMain] e.a.nube.RestaurantesmalagaApplication   : Running with Spring Boot v2.7.13, Spring v5.3.28
2023-07-12 12:48:10.293  INFO 21468 --- [restartedMain] e.a.nube.RestaurantesmalagaApplication   : No active profile set, falling back to 1 default profile: "default"
2023-07-12 12:48:11.987  INFO 21468 --- [restartedMain] .s.d.r.c.RepositoryConfigurationDelegate : Bootstrapping Spring Data JPA repositories in DEFAULT mode.
2023-07-12 12:48:12.017  INFO 21468 --- [restartedMain] .s.d.r.c.RepositoryConfigurationDelegate : Finished Spring Data repository scanning in 27 ms. Found 1 JPA repository interfaces.
2023-07-12 12:48:12.546  INFO 21468 --- [restartedMain] o.s.b.w.embedded.tomcat.TomcatWebServer  : Tomcat initialized with port(s): 8081 (http)
2023-07-12 12:48:12.560  INFO 21468 --- [restartedMain] o.apache.catalina.core.StandardService   : Starting service [Tomcat]
2023-07-12 12:48:12.562  INFO 21468 --- [restartedMain] org.apache.catalina.core.StandardEngine  : Starting Servlet engine: [Apache Tomcat/9.0.76]
2023-07-12 12:48:12.603  INFO 21468 --- [restartedMain] o.a.c.c.C.[Tomcat].[localhost].[/]       : Initializing Spring embedded WebApplicationContext
2023-07-12 12:48:12.603  INFO 21468 --- [restartedMain] w.s.c.ServletWebServerApplicationContext : Root WebApplicationContext: initialization completed in 2280 ms
2023-07-12 12:48:12.850  INFO 21468 --- [restartedMain] o.hibernate.jpa.internal.util.LogHelper  : HHH000204: Processing PersistenceUnitInfo [name: default]
2023-07-12 12:48:12.902  INFO 21468 --- [restartedMain] com.zaxxer.hikari.HikariDataSource       : HikariPool-4 - Starting...
2023-07-12 12:48:13.005  INFO 21468 --- [restartedMain] com.zaxxer.hikari.HikariDataSource       : HikariPool-4 - Start completed.
2023-07-12 12:48:13.007  INFO 21468 --- [restartedMain] org.hibernate.dialect.Dialect            : HHH000400: Using dialect: org.hibernate.dialect.MySQL8Dialect
2023-07-12 12:48:13.606  INFO 21468 --- [restartedMain] o.h.e.t.j.p.i.JtaPlatformInitiator       : HHH000490: Using JtaPlatform implementation: [org.hibernate.engine.transaction.jta.platform.internal.NoJtaPlatform]
2023-07-12 12:48:13.607  INFO 21468 --- [restartedMain] j.LocalContainerEntityManagerFactoryBean : Initialized JPA EntityManagerFactory for persistence unit 'default'
2023-07-12 12:48:13.982  WARN 21468 --- [restartedMain] JpaBaseConfiguration$JpaWebConfiguration : spring.jpa.open-in-view is enabled by default. Therefore, database queries may be performed during view rendering. Explicitly configure spring.jpa.open-in-view to disable this warning
2023-07-12 12:48:14.642  INFO 21468 --- [restartedMain] o.s.b.d.a.OptionalLiveReloadServer       : LiveReload server is running on port 35729
2023-07-12 12:48:14.690  INFO 21468 --- [restartedMain] o.s.b.w.embedded.tomcat.TomcatWebServer  : Tomcat started on port(s): 8081 (http) with context path ''
2023-07-12 12:48:14.710  INFO 21468 --- [restartedMain] e.a.nube.RestaurantesmalagaApplication   : Started RestaurantesmalagaApplication in 4.785 seconds (JVM running for 25187.884)
2023-07-12 12:48:14.726  INFO 21468 --- [restartedMain] .ConditionEvaluationDeltaLoggingListener : Condition evaluation unchanged
2023-07-12 13:00:53.037  INFO 21468 --- [http-nio-8081-exec-1] o.a.c.c.C.[Tomcat].[localhost].[/]       : Initializing Spring DispatcherServlet 'dispatcherServlet'
2023-07-12 13:00:53.038  INFO 21468 --- [http-nio-8081-exec-1] o.s.web.servlet.DispatcherServlet        : Initializing Servlet 'dispatcherServlet'
2023-07-12 13:00:53.045  INFO 21468 --- [http-nio-8081-exec-1] o.s.web.servlet.DispatcherServlet        : Completed initialization in 7 ms
2023-07-12 13:00:53.313 DEBUG 21468 --- [http-nio-8081-exec-2] e.a.n.controller.RestauranteController   : Entrada POST correcta
2023-07-12 13:05:25.456 DEBUG 21468 --- [http-nio-8081-exec-5] e.a.n.controller.RestauranteController   : Entrada POST correcta
2023-07-12 13:07:16.289 DEBUG 21468 --- [http-nio-8081-exec-7] e.a.n.controller.RestauranteController   : Entrada POST correcta
2023-07-12 13:19:30.900 DEBUG 21468 --- [http-nio-8081-exec-8] e.a.n.controller.RestauranteController   : Entrada POST correcta
2023-07-12 13:21:33.141 DEBUG 21468 --- [http-nio-8081-exec-1] e.a.n.controller.RestauranteController   : Entrada POST correcta
2023-07-12 13:34:17.438 DEBUG 21468 --- [http-nio-8081-exec-3] e.a.n.controller.RestauranteController   : Entrada POST correcta
2023-07-12 13:35:49.931 DEBUG 21468 --- [http-nio-8081-exec-7] e.a.n.controller.RestauranteController   : ATENDIDO POR EL PUERTO 8081
2023-07-12 13:36:54.247 DEBUG 21468 --- [http-nio-8081-exec-8] e.a.n.controller.RestauranteController   : Entrada POST correcta
2023-07-12 14:27:38.813 DEBUG 21468 --- [http-nio-8081-exec-2] e.a.n.controller.RestauranteController   : Entrada POST correcta
2023-07-12 14:28:23.429 DEBUG 21468 --- [http-nio-8081-exec-4] e.a.n.controller.RestauranteController   : Entrada POST correcta
2023-07-12 14:28:27.726 DEBUG 21468 --- [http-nio-8081-exec-3] e.a.n.controller.RestauranteController   : ATENDIDO POR EL PUERTO 8081
2023-07-12 14:31:41.143 DEBUG 21468 --- [http-nio-8081-exec-7] e.a.n.controller.RestauranteController   : ATENDIDO POR EL PUERTO 8081
2023-07-12 14:38:29.105 DEBUG 21468 --- [http-nio-8081-exec-8] e.a.n.controller.RestauranteController   : ATENDIDO POR EL PUERTO 8081
2023-07-12 14:38:34.970 DEBUG 21468 --- [http-nio-8081-exec-10] e.a.n.controller.RestauranteController   : ATENDIDO POR EL PUERTO 8081
2023-07-12 14:38:57.607 DEBUG 21468 --- [http-nio-8081-exec-1] e.a.n.controller.RestauranteController   : ATENDIDO POR EL PUERTO 8081
2023-07-12 14:39:13.810 DEBUG 21468 --- [http-nio-8081-exec-2] e.a.n.controller.RestauranteController   : ATENDIDO POR EL PUERTO 8081
2023-07-12 14:39:21.417 DEBUG 21468 --- [http-nio-8081-exec-4] e.a.n.controller.RestauranteController   : ATENDIDO POR EL PUERTO 8081
2023-07-12 14:39:41.713 DEBUG 21468 --- [http-nio-8081-exec-3] e.a.n.controller.RestauranteController   : ATENDIDO POR EL PUERTO 8081
2023-07-12 14:39:56.248 DEBUG 21468 --- [http-nio-8081-exec-5] e.a.n.controller.RestauranteController   : ATENDIDO POR EL PUERTO 8081
2023-07-12 14:40:03.783 DEBUG 21468 --- [http-nio-8081-exec-6] e.a.n.controller.RestauranteController   : ATENDIDO POR EL PUERTO 8081
2023-07-12 14:40:15.914 DEBUG 21468 --- [http-nio-8081-exec-7] e.a.n.controller.RestauranteController   : ATENDIDO POR EL PUERTO 8081
2023-07-12 14:40:30.845 DEBUG 21468 --- [http-nio-8081-exec-9] e.a.n.controller.RestauranteController   : ATENDIDO POR EL PUERTO 8081
2023-07-12 14:40:42.578 DEBUG 21468 --- [http-nio-8081-exec-8] e.a.n.controller.RestauranteController   : ATENDIDO POR EL PUERTO 8081
2023-07-12 14:41:11.926 DEBUG 21468 --- [http-nio-8081-exec-10] e.a.n.controller.RestauranteController   : ATENDIDO POR EL PUERTO 8081
2023-07-12 14:42:00.544 DEBUG 21468 --- [http-nio-8081-exec-1] e.a.n.controller.RestauranteController   : ATENDIDO POR EL PUERTO 8081
2023-07-12 14:42:59.840 DEBUG 21468 --- [http-nio-8081-exec-2] e.a.n.controller.RestauranteController   : ATENDIDO POR EL PUERTO 8081
2023-07-12 14:43:32.918 DEBUG 21468 --- [http-nio-8081-exec-4] e.a.n.controller.RestauranteController   : ATENDIDO POR EL PUERTO 8081
2023-07-12 14:43:46.654 DEBUG 21468 --- [http-nio-8081-exec-3] e.a.n.controller.RestauranteController   : ATENDIDO POR EL PUERTO 8081
2023-07-12 14:44:57.809 DEBUG 21468 --- [http-nio-8081-exec-6] e.a.n.controller.RestauranteController   : ATENDIDO POR EL PUERTO 8081
2023-07-12 14:45:24.780 DEBUG 21468 --- [http-nio-8081-exec-7] e.a.n.controller.RestauranteController   : ATENDIDO POR EL PUERTO 8081
2023-07-12 14:45:37.424 DEBUG 21468 --- [http-nio-8081-exec-9] e.a.n.controller.RestauranteController   : ATENDIDO POR EL PUERTO 8081
2023-07-12 14:45:49.417 DEBUG 21468 --- [http-nio-8081-exec-8] e.a.n.controller.RestauranteController   : ATENDIDO POR EL PUERTO 8081
2023-07-12 14:46:34.656 DEBUG 21468 --- [http-nio-8081-exec-10] e.a.n.controller.RestauranteController   : ATENDIDO POR EL PUERTO 8081
2023-07-12 14:46:38.579 DEBUG 21468 --- [http-nio-8081-exec-1] e.a.n.controller.RestauranteController   : ATENDIDO POR EL PUERTO 8081
2023-07-12 14:47:11.549 DEBUG 21468 --- [http-nio-8081-exec-2] e.a.n.controller.RestauranteController   : ATENDIDO POR EL PUERTO 8081
2023-07-12 14:47:21.948 DEBUG 21468 --- [http-nio-8081-exec-4] e.a.n.controller.RestauranteController   : ATENDIDO POR EL PUERTO 8081
2023-07-12 14:47:38.439 DEBUG 21468 --- [http-nio-8081-exec-3] e.a.n.controller.RestauranteController   : ATENDIDO POR EL PUERTO 8081
2023-07-12 14:47:56.745 DEBUG 21468 --- [http-nio-8081-exec-5] e.a.n.controller.RestauranteController   : ATENDIDO POR EL PUERTO 8081
2023-07-12 14:48:25.955 DEBUG 21468 --- [http-nio-8081-exec-6] e.a.n.controller.RestauranteController   : ATENDIDO POR EL PUERTO 8081
2023-07-12 14:48:32.654 DEBUG 21468 --- [http-nio-8081-exec-7] e.a.n.controller.RestauranteController   : ATENDIDO POR EL PUERTO 8081
2023-07-12 14:48:47.151 DEBUG 21468 --- [http-nio-8081-exec-9] e.a.n.controller.RestauranteController   : ATENDIDO POR EL PUERTO 8081
2023-07-12 14:48:57.645 DEBUG 21468 --- [http-nio-8081-exec-8] e.a.n.controller.RestauranteController   : ATENDIDO POR EL PUERTO 8081
2023-07-12 14:49:08.156 DEBUG 21468 --- [http-nio-8081-exec-10] e.a.n.controller.RestauranteController   : ATENDIDO POR EL PUERTO 8081
2023-07-12 14:49:25.842 DEBUG 21468 --- [http-nio-8081-exec-1] e.a.n.controller.RestauranteController   : ATENDIDO POR EL PUERTO 8081
2023-07-12 17:43:02.291  INFO 21468 --- [RMI TCP Connection(871)-127.0.0.1] inMXBeanRegistrar$SpringApplicationAdmin : Application shutdown requested.
2023-07-12 17:43:02.329  INFO 21468 --- [RMI TCP Connection(871)-127.0.0.1] o.apache.catalina.core.StandardService   : Stopping service [Tomcat]
2023-07-12 17:43:02.332  INFO 21468 --- [RMI TCP Connection(871)-127.0.0.1] o.a.c.c.C.[Tomcat].[localhost].[/]       : Destroying Spring FrameworkServlet 'dispatcherServlet'
2023-07-12 17:43:02.404  INFO 21468 --- [RMI TCP Connection(871)-127.0.0.1] j.LocalContainerEntityManagerFactoryBean : Closing JPA EntityManagerFactory for persistence unit 'default'
2023-07-12 17:43:02.411  INFO 21468 --- [RMI TCP Connection(871)-127.0.0.1] com.zaxxer.hikari.HikariDataSource       : HikariPool-4 - Shutdown initiated...
2023-07-12 17:43:02.424  INFO 21468 --- [RMI TCP Connection(871)-127.0.0.1] com.zaxxer.hikari.HikariDataSource       : HikariPool-4 - Shutdown completed.
